# JRE version: OpenJDK Runtime Environment (8.0_76-b03) (build 1.8.0_76-release-b03)
# Java VM: OpenJDK 64-Bit Server VM (25.76-b03 mixed mode windows-amd64 compressed oops)
Heap:
 PSYoungGen      total 431616K, used 193160K [0x00000000e0000000, 0x0000000100000000, 0x0000000100000000)
  eden space 343040K, 56% used [0x00000000e0000000,0x00000000ebca21c8,0x00000000f4f00000)
  from space 88576K, 0% used [0x00000000fa980000,0x00000000fa980000,0x0000000100000000)
  to   space 90624K, 0% used [0x00000000f4f00000,0x00000000f4f00000,0x00000000fa780000)
 ParOldGen       total 363008K, used 35091K [0x00000000a0000000, 0x00000000b6280000, 0x00000000e0000000)
  object space 363008K, 9% used [0x00000000a0000000,0x00000000a2244ef0,0x00000000b6280000)
 Metaspace       used 61452K, capacity 63126K, committed 63408K, reserved 1103872K
  class space    used 7732K, capacity 8043K, committed 8112K, reserved 1048576K
GC Heap History (10 events):
Event: 41.785 GC heap before
{Heap before GC invocations=29 (full 5):
 PSYoungGen      total 399360K, used 339968K [0x00000000e0000000, 0x0000000100000000, 0x0000000100000000)
  eden space 339968K, 100% used [0x00000000e0000000,0x00000000f4c00000,0x00000000f4c00000)
  from space 59392K, 0% used [0x00000000f4c00000,0x00000000f4c00000,0x00000000f8600000)
  to   space 94208K, 0% used [0x00000000fa400000,0x00000000fa400000,0x0000000100000000)
 ParOldGen       total 363008K, used 185929K [0x00000000a0000000, 0x00000000b6280000, 0x00000000e0000000)
  object space 363008K, 51% used [0x00000000a0000000,0x00000000ab5924b0,0x00000000b6280000)
 Metaspace       used 53611K, capacity 54970K, committed 55216K, reserved 1097728K
  class space    used 6906K, capacity 7217K, committed 7344K, reserved 1048576K
Event: 41.838 GC heap after
Heap after GC invocations=29 (full 5):
 PSYoungGen      total 432640K, used 48874K [0x00000000e0000000, 0x0000000100000000, 0x0000000100000000)
  eden space 338432K, 0% used [0x00000000e0000000,0x00000000e0000000,0x00000000f4a80000)
  from space 94208K, 51% used [0x00000000fa400000,0x00000000fd3baad0,0x0000000100000000)
  to   space 91648K, 0% used [0x00000000f4a80000,0x00000000f4a80000,0x00000000fa400000)
 ParOldGen       total 363008K, used 185929K [0x00000000a0000000, 0x00000000b6280000, 0x00000000e0000000)
  object space 363008K, 51% used [0x00000000a0000000,0x00000000ab5924b0,0x00000000b6280000)
 Metaspace       used 53611K, capacity 54970K, committed 55216K, reserved 1097728K
  class space    used 6906K, capacity 7217K, committed 7344K, reserved 1048576K
}
Event: 43.141 GC heap before
{Heap before GC invocations=30 (full 5):
 PSYoungGen      total 432640K, used 92115K [0x00000000e0000000, 0x0000000100000000, 0x0000000100000000)
  eden space 338432K, 12% used [0x00000000e0000000,0x00000000e2a3a420,0x00000000f4a80000)
  from space 94208K, 51% used [0x00000000fa400000,0x00000000fd3baad0,0x0000000100000000)
  to   space 91648K, 0% used [0x00000000f4a80000,0x00000000f4a80000,0x00000000fa400000)
 ParOldGen       total 363008K, used 185929K [0x00000000a0000000, 0x00000000b6280000, 0x00000000e0000000)
  object space 363008K, 51% used [0x00000000a0000000,0x00000000ab5924b0,0x00000000b6280000)
 Metaspace       used 55106K, capacity 56544K, committed 56880K, reserved 1099776K
  class space    used 7071K, capacity 7378K, committed 7472K, reserved 1048576K
Event: 43.173 GC heap after
Heap after GC invocations=30 (full 5):
 PSYoungGen      total 430080K, used 32379K [0x00000000e0000000, 0x0000000100000000, 0x0000000100000000)
  eden space 338432K, 0% used [0x00000000e0000000,0x00000000e0000000,0x00000000f4a80000)
  from space 91648K, 35% used [0x00000000f4a80000,0x00000000f6a1ec70,0x00000000fa400000)
  to   space 88576K, 0% used [0x00000000fa980000,0x00000000fa980000,0x0000000100000000)
 ParOldGen       total 363008K, used 185929K [0x00000000a0000000, 0x00000000b6280000, 0x00000000e0000000)
  object space 363008K, 51% used [0x00000000a0000000,0x00000000ab5924b0,0x00000000b6280000)
 Metaspace       used 55106K, capacity 56544K, committed 56880K, reserved 1099776K
  class space    used 7071K, capacity 7378K, committed 7472K, reserved 1048576K
}
Event: 43.173 GC heap before
{Heap before GC invocations=31 (full 6):
 PSYoungGen      total 430080K, used 32379K [0x00000000e0000000, 0x0000000100000000, 0x0000000100000000)
  eden space 338432K, 0% used [0x00000000e0000000,0x00000000e0000000,0x00000000f4a80000)
  from space 91648K, 35% used [0x00000000f4a80000,0x00000000f6a1ec70,0x00000000fa400000)
  to   space 88576K, 0% used [0x00000000fa980000,0x00000000fa980000,0x0000000100000000)
 ParOldGen       total 363008K, used 185929K [0x00000000a0000000, 0x00000000b6280000, 0x00000000e0000000)
  object space 363008K, 51% used [0x00000000a0000000,0x00000000ab5924b0,0x00000000b6280000)
 Metaspace       used 55106K, capacity 56544K, committed 56880K, reserved 1099776K
  class space    used 7071K, capacity 7378K, committed 7472K, reserved 1048576K
Event: 43.395 GC heap after
Heap after GC invocations=31 (full 6):
 PSYoungGen      total 430080K, used 0K [0x00000000e0000000, 0x0000000100000000, 0x0000000100000000)
  eden space 338432K, 0% used [0x00000000e0000000,0x00000000e0000000,0x00000000f4a80000)
  from space 91648K, 0% used [0x00000000f4a80000,0x00000000f4a80000,0x00000000fa400000)
  to   space 88576K, 0% used [0x00000000fa980000,0x00000000fa980000,0x0000000100000000)
 ParOldGen       total 363008K, used 35170K [0x00000000a0000000, 0x00000000b6280000, 0x00000000e0000000)
  object space 363008K, 9% used [0x00000000a0000000,0x00000000a2258900,0x00000000b6280000)
 Metaspace       used 55106K, capacity 56544K, committed 56880K, reserved 1099776K
  class space    used 7071K, capacity 7378K, committed 7472K, reserved 1048576K
}
Event: 340.602 GC heap before
{Heap before GC invocations=32 (full 6):
 PSYoungGen      total 430080K, used 147979K [0x00000000e0000000, 0x0000000100000000, 0x0000000100000000)
  eden space 338432K, 43% used [0x00000000e0000000,0x00000000e9082f58,0x00000000f4a80000)
  from space 91648K, 0% used [0x00000000f4a80000,0x00000000f4a80000,0x00000000fa400000)
  to   space 88576K, 0% used [0x00000000fa980000,0x00000000fa980000,0x0000000100000000)
 ParOldGen       total 363008K, used 35170K [0x00000000a0000000, 0x00000000b6280000, 0x00000000e0000000)
  object space 363008K, 9% used [0x00000000a0000000,0x00000000a2258900,0x00000000b6280000)
 Metaspace       used 55828K, capacity 57346K, committed 57648K, reserved 1099776K
  class space    used 7100K, capacity 7409K, committed 7472K, reserved 1048576K
Event: 340.621 GC heap after
Heap after GC invocations=32 (full 6):
 PSYoungGen      total 431616K, used 1328K [0x00000000e0000000, 0x0000000100000000, 0x0000000100000000)
  eden space 343040K, 0% used [0x00000000e0000000,0x00000000e0000000,0x00000000f4f00000)
  from space 88576K, 1% used [0x00000000fa980000,0x00000000faacc030,0x0000000100000000)
  to   space 90624K, 0% used [0x00000000f4f00000,0x00000000f4f00000,0x00000000fa780000)
 ParOldGen       total 363008K, used 35178K [0x00000000a0000000, 0x00000000b6280000, 0x00000000e0000000)
  object space 363008K, 9% used [0x00000000a0000000,0x00000000a225a900,0x00000000b6280000)
 Metaspace       used 55828K, capacity 57346K, committed 57648K, reserved 1099776K
  class space    used 7100K, capacity 7409K, committed 7472K, reserved 1048576K
}
Event: 340.622 GC heap before
{Heap before GC invocations=33 (full 7):
 PSYoungGen      total 431616K, used 1328K [0x00000000e0000000, 0x0000000100000000, 0x0000000100000000)
  eden space 343040K, 0% used [0x00000000e0000000,0x00000000e0000000,0x00000000f4f00000)
  from space 88576K, 1% used [0x00000000fa980000,0x00000000faacc030,0x0000000100000000)
  to   space 90624K, 0% used [0x00000000f4f00000,0x00000000f4f00000,0x00000000fa780000)
 ParOldGen       total 363008K, used 35178K [0x00000000a0000000, 0x00000000b6280000, 0x00000000e0000000)
  object space 363008K, 9% used [0x00000000a0000000,0x00000000a225a900,0x00000000b6280000)
 Metaspace       used 55828K, capacity 57346K, committed 57648K, reserved 1099776K
  class space    used 7100K, capacity 7409K, committed 7472K, reserved 1048576K
Event: 340.970 GC heap after
Heap after GC invocations=33 (full 7):
 PSYoungGen      total 431616K, used 0K [0x00000000e0000000, 0x0000000100000000, 0x0000000100000000)
  eden space 343040K, 0% used [0x00000000e0000000,0x00000000e0000000,0x00000000f4f00000)
  from space 88576K, 0% used [0x00000000fa980000,0x00000000fa980000,0x0000000100000000)
  to   space 90624K, 0% used [0x00000000f4f00000,0x00000000f4f00000,0x00000000fa780000)
 ParOldGen       total 363008K, used 35091K [0x00000000a0000000, 0x00000000b6280000, 0x00000000e0000000)
  object space 363008K, 9% used [0x00000000a0000000,0x00000000a2244ef0,0x00000000b6280000)
 Metaspace       used 55828K, capacity 57346K, committed 57648K, reserved 1099776K
  class space    used 7100K, capacity 7409K, committed 7472K, reserved 1048576K
}

