# JRE version: OpenJDK Runtime Environment (8.0_76-b03) (build 1.8.0_76-release-b03)
# Java VM: OpenJDK 64-Bit Server VM (25.76-b03 mixed mode windows-amd64 compressed oops)
Heap:
 PSYoungGen      total 412672K, used 19520K [0x00000000e0000000, 0x0000000100000000, 0x0000000100000000)
  eden space 331776K, 5% used [0x00000000e0000000,0x00000000e1310238,0x00000000f4400000)
  from space 80896K, 0% used [0x00000000fb100000,0x00000000fb100000,0x0000000100000000)
  to   space 96256K, 0% used [0x00000000f4400000,0x00000000f4400000,0x00000000fa200000)
 ParOldGen       total 231424K, used 177878K [0x00000000a0000000, 0x00000000ae200000, 0x00000000e0000000)
  object space 231424K, 76% used [0x00000000a0000000,0x00000000aadb5b10,0x00000000ae200000)
 Metaspace       used 63799K, capacity 65384K, committed 65576K, reserved 1105920K
  class space    used 8075K, capacity 8404K, committed 8496K, reserved 1048576K
GC Heap History (10 events):
Event: 46.167 GC heap before
{Heap before GC invocations=19 (full 4):
 PSYoungGen      total 423936K, used 45545K [0x00000000e0000000, 0x0000000100000000, 0x0000000100000000)
  eden space 378368K, 0% used [0x00000000e0000000,0x00000000e0000000,0x00000000f7180000)
  from space 45568K, 99% used [0x00000000f7180000,0x00000000f9dfa788,0x00000000f9e00000)
  to   space 67072K, 0% used [0x00000000fbe80000,0x00000000fbe80000,0x0000000100000000)
 ParOldGen       total 118272K, used 107051K [0x00000000a0000000, 0x00000000a7380000, 0x00000000e0000000)
  object space 118272K, 90% used [0x00000000a0000000,0x00000000a688acc8,0x00000000a7380000)
 Metaspace       used 63709K, capacity 65280K, committed 65576K, reserved 1105920K
  class space    used 8077K, capacity 8410K, committed 8496K, reserved 1048576K
Event: 48.136 GC heap after
Heap after GC invocations=19 (full 4):
 PSYoungGen      total 423936K, used 0K [0x00000000e0000000, 0x0000000100000000, 0x0000000100000000)
  eden space 378368K, 0% used [0x00000000e0000000,0x00000000e0000000,0x00000000f7180000)
  from space 45568K, 0% used [0x00000000f7180000,0x00000000f7180000,0x00000000f9e00000)
  to   space 67072K, 0% used [0x00000000fbe80000,0x00000000fbe80000,0x0000000100000000)
 ParOldGen       total 231424K, used 114389K [0x00000000a0000000, 0x00000000ae200000, 0x00000000e0000000)
  object space 231424K, 49% used [0x00000000a0000000,0x00000000a6fb57f0,0x00000000ae200000)
 Metaspace       used 63700K, capacity 65256K, committed 65576K, reserved 1105920K
  class space    used 8074K, capacity 8404K, committed 8496K, reserved 1048576K
}
Event: 52.378 GC heap before
{Heap before GC invocations=20 (full 4):
 PSYoungGen      total 423936K, used 378368K [0x00000000e0000000, 0x0000000100000000, 0x0000000100000000)
  eden space 378368K, 100% used [0x00000000e0000000,0x00000000f7180000,0x00000000f7180000)
  from space 45568K, 0% used [0x00000000f7180000,0x00000000f7180000,0x00000000f9e00000)
  to   space 67072K, 0% used [0x00000000fbe80000,0x00000000fbe80000,0x0000000100000000)
 ParOldGen       total 231424K, used 114389K [0x00000000a0000000, 0x00000000ae200000, 0x00000000e0000000)
  object space 231424K, 49% used [0x00000000a0000000,0x00000000a6fb57f0,0x00000000ae200000)
 Metaspace       used 63755K, capacity 65320K, committed 65576K, reserved 1105920K
  class space    used 8074K, capacity 8404K, committed 8496K, reserved 1048576K
Event: 52.562 GC heap after
Heap after GC invocations=20 (full 4):
 PSYoungGen      total 430592K, used 67050K [0x00000000e0000000, 0x0000000100000000, 0x0000000100000000)
  eden space 363520K, 0% used [0x00000000e0000000,0x00000000e0000000,0x00000000f6300000)
  from space 67072K, 99% used [0x00000000fbe80000,0x00000000ffffaa30,0x0000000100000000)
  to   space 80384K, 0% used [0x00000000f6300000,0x00000000f6300000,0x00000000fb180000)
 ParOldGen       total 231424K, used 118910K [0x00000000a0000000, 0x00000000ae200000, 0x00000000e0000000)
  object space 231424K, 51% used [0x00000000a0000000,0x00000000a741fa80,0x00000000ae200000)
 Metaspace       used 63755K, capacity 65320K, committed 65576K, reserved 1105920K
  class space    used 8074K, capacity 8404K, committed 8496K, reserved 1048576K
}
Event: 53.694 GC heap before
{Heap before GC invocations=21 (full 4):
 PSYoungGen      total 430592K, used 430570K [0x00000000e0000000, 0x0000000100000000, 0x0000000100000000)
  eden space 363520K, 100% used [0x00000000e0000000,0x00000000f6300000,0x00000000f6300000)
  from space 67072K, 99% used [0x00000000fbe80000,0x00000000ffffaa30,0x0000000100000000)
  to   space 80384K, 0% used [0x00000000f6300000,0x00000000f6300000,0x00000000fb180000)
 ParOldGen       total 231424K, used 118910K [0x00000000a0000000, 0x00000000ae200000, 0x00000000e0000000)
  object space 231424K, 51% used [0x00000000a0000000,0x00000000a741fa80,0x00000000ae200000)
 Metaspace       used 63789K, capacity 65384K, committed 65576K, reserved 1105920K
  class space    used 8074K, capacity 8404K, committed 8496K, reserved 1048576K
Event: 53.857 GC heap after
Heap after GC invocations=21 (full 4):
 PSYoungGen      total 443392K, used 79469K [0x00000000e0000000, 0x0000000100000000, 0x0000000100000000)
  eden space 363520K, 0% used [0x00000000e0000000,0x00000000e0000000,0x00000000f6300000)
  from space 79872K, 99% used [0x00000000f6300000,0x00000000fb09b5d0,0x00000000fb100000)
  to   space 80896K, 0% used [0x00000000fb100000,0x00000000fb100000,0x0000000100000000)
 ParOldGen       total 231424K, used 165366K [0x00000000a0000000, 0x00000000ae200000, 0x00000000e0000000)
  object space 231424K, 71% used [0x00000000a0000000,0x00000000aa17da30,0x00000000ae200000)
 Metaspace       used 63789K, capacity 65384K, committed 65576K, reserved 1105920K
  class space    used 8074K, capacity 8404K, committed 8496K, reserved 1048576K
}
Event: 55.029 GC heap before
{Heap before GC invocations=22 (full 4):
 PSYoungGen      total 443392K, used 442989K [0x00000000e0000000, 0x0000000100000000, 0x0000000100000000)
  eden space 363520K, 100% used [0x00000000e0000000,0x00000000f6300000,0x00000000f6300000)
  from space 79872K, 99% used [0x00000000f6300000,0x00000000fb09b5d0,0x00000000fb100000)
  to   space 80896K, 0% used [0x00000000fb100000,0x00000000fb100000,0x0000000100000000)
 ParOldGen       total 231424K, used 165366K [0x00000000a0000000, 0x00000000ae200000, 0x00000000e0000000)
  object space 231424K, 71% used [0x00000000a0000000,0x00000000aa17da30,0x00000000ae200000)
 Metaspace       used 63799K, capacity 65384K, committed 65576K, reserved 1105920K
  class space    used 8075K, capacity 8404K, committed 8496K, reserved 1048576K
Event: 55.534 GC heap after
Heap after GC invocations=22 (full 4):
 PSYoungGen      total 412672K, used 55455K [0x00000000e0000000, 0x0000000100000000, 0x0000000100000000)
  eden space 331776K, 0% used [0x00000000e0000000,0x00000000e0000000,0x00000000f4400000)
  from space 80896K, 68% used [0x00000000fb100000,0x00000000fe727d80,0x0000000100000000)
  to   space 96256K, 0% used [0x00000000f4400000,0x00000000f4400000,0x00000000fa200000)
 ParOldGen       total 231424K, used 198886K [0x00000000a0000000, 0x00000000ae200000, 0x00000000e0000000)
  object space 231424K, 85% used [0x00000000a0000000,0x00000000ac239988,0x00000000ae200000)
 Metaspace       used 63799K, capacity 65384K, committed 65576K, reserved 1105920K
  class space    used 8075K, capacity 8404K, committed 8496K, reserved 1048576K
}
Event: 55.534 GC heap before
{Heap before GC invocations=23 (full 5):
 PSYoungGen      total 412672K, used 55455K [0x00000000e0000000, 0x0000000100000000, 0x0000000100000000)
  eden space 331776K, 0% used [0x00000000e0000000,0x00000000e0000000,0x00000000f4400000)
  from space 80896K, 68% used [0x00000000fb100000,0x00000000fe727d80,0x0000000100000000)
  to   space 96256K, 0% used [0x00000000f4400000,0x00000000f4400000,0x00000000fa200000)
 ParOldGen       total 231424K, used 198886K [0x00000000a0000000, 0x00000000ae200000, 0x00000000e0000000)
  object space 231424K, 85% used [0x00000000a0000000,0x00000000ac239988,0x00000000ae200000)
 Metaspace       used 63799K, capacity 65384K, committed 65576K, reserved 1105920K
  class space    used 8075K, capacity 8404K, committed 8496K, reserved 1048576K
Event: 56.672 GC heap after
Heap after GC invocations=23 (full 5):
 PSYoungGen      total 412672K, used 0K [0x00000000e0000000, 0x0000000100000000, 0x0000000100000000)
  eden space 331776K, 0% used [0x00000000e0000000,0x00000000e0000000,0x00000000f4400000)
  from space 80896K, 0% used [0x00000000fb100000,0x00000000fb100000,0x0000000100000000)
  to   space 96256K, 0% used [0x00000000f4400000,0x00000000f4400000,0x00000000fa200000)
 ParOldGen       total 231424K, used 177878K [0x00000000a0000000, 0x00000000ae200000, 0x00000000e0000000)
  object space 231424K, 76% used [0x00000000a0000000,0x00000000aadb5b10,0x00000000ae200000)
 Metaspace       used 63799K, capacity 65384K, committed 65576K, reserved 1105920K
  class space    used 8075K, capacity 8404K, committed 8496K, reserved 1048576K
}

